<?xml version="1.0" encoding="UTF-8" ?>
<testsuite failures="0" time="0.049" errors="0" skipped="0" tests="1" name="com.song7749.mds.member.AppTest">
  <properties>
    <property name="java.runtime.name" value="Java(TM) SE Runtime Environment"/>
    <property name="sun.boot.library.path" value="C:\Program Files\Java\jdk1.6.0_26\jre\bin"/>
    <property name="java.vm.version" value="20.1-b02"/>
    <property name="java.vm.vendor" value="Sun Microsystems Inc."/>
    <property name="java.vendor.url" value="http://java.sun.com/"/>
    <property name="path.separator" value=";"/>
    <property name="java.vm.name" value="Java HotSpot(TM) Client VM"/>
    <property name="file.encoding.pkg" value="sun.io"/>
    <property name="user.country" value="KR"/>
    <property name="sun.java.launcher" value="SUN_STANDARD"/>
    <property name="sun.os.patch.level" value="Service Pack 1"/>
    <property name="java.vm.specification.name" value="Java Virtual Machine Specification"/>
    <property name="user.dir" value="D:\springsource_work\com.song7749.mds.member"/>
    <property name="java.runtime.version" value="1.6.0_26-b03"/>
    <property name="java.awt.graphicsenv" value="sun.awt.Win32GraphicsEnvironment"/>
    <property name="basedir" value="D:\springsource_work\com.song7749.mds.member"/>
    <property name="java.endorsed.dirs" value="C:\Program Files\Java\jdk1.6.0_26\jre\lib\endorsed"/>
    <property name="os.arch" value="x86"/>
    <property name="surefire.real.class.path" value="C:\Users\ADMINI~1\AppData\Local\Temp\surefirebooter5241931703199300144.jar"/>
    <property name="java.io.tmpdir" value="C:\Users\ADMINI~1\AppData\Local\Temp\"/>
    <property name="line.separator" value="
"/>
    <property name="java.vm.specification.vendor" value="Sun Microsystems Inc."/>
    <property name="user.variant" value=""/>
    <property name="os.name" value="Windows 7"/>
    <property name="sun.jnu.encoding" value="MS949"/>
    <property name="java.library.path" value="C:\Program Files\Java\jdk1.6.0_26\jre\bin;C:\Windows\Sun\Java\bin;C:\Windows\system32;C:\Windows;C:\Program Files\Common Files\Microsoft Shared\Windows Live;.;C:\Windows\system32;C:\Windows;C:\Windows\System32\WindowsPowerShell\v1.0\;C:\Program Files\SecureCRT\;C:\Program Files\ATI Technologies\ATI.ACE\Core-Static;C:\Program Files\Windows Live\Shared;D:\apache-maven-2.2.1\bin;C:\Program Files\Java\jdk1.6.0_26\bin;."/>
    <property name="surefire.test.class.path" value="D:\springsource_work\com.song7749.mds.member\target\test-classes;D:\springsource_work\com.song7749.mds.member\target\classes;C:\Users\Administrator\.m2\repository\junit\junit\4.7\junit-4.7.jar;C:\Users\Administrator\.m2\repository\com\song7749\com.song7749.core\1.0-SNAPSHOT\com.song7749.core-1.0-SNAPSHOT.jar;C:\Users\Administrator\.m2\repository\org\apache\maven\plugins\maven-site-plugin\2.0.1\maven-site-plugin-2.0.1.jar;C:\Users\Administrator\.m2\repository\org\apache\maven\maven-artifact\2.0.6\maven-artifact-2.0.6.jar;C:\Users\Administrator\.m2\repository\org\codehaus\plexus\plexus-utils\1.5.1\plexus-utils-1.5.1.jar;C:\Users\Administrator\.m2\repository\org\apache\maven\maven-artifact-manager\2.0.6\maven-artifact-manager-2.0.6.jar;C:\Users\Administrator\.m2\repository\org\apache\maven\maven-repository-metadata\2.0.6\maven-repository-metadata-2.0.6.jar;C:\Users\Administrator\.m2\repository\org\codehaus\plexus\plexus-container-default\1.0-alpha-9\plexus-container-default-1.0-alpha-9.jar;C:\Users\Administrator\.m2\repository\classworlds\classworlds\1.1-alpha-2\classworlds-1.1-alpha-2.jar;C:\Users\Administrator\.m2\repository\org\apache\maven\wagon\wagon-provider-api\1.0-beta-4\wagon-provider-api-1.0-beta-4.jar;C:\Users\Administrator\.m2\repository\org\apache\maven\maven-model\2.0.6\maven-model-2.0.6.jar;C:\Users\Administrator\.m2\repository\org\apache\maven\maven-plugin-api\2.0.6\maven-plugin-api-2.0.6.jar;C:\Users\Administrator\.m2\repository\org\apache\maven\maven-project\2.0.6\maven-project-2.0.6.jar;C:\Users\Administrator\.m2\repository\org\apache\maven\maven-settings\2.0.6\maven-settings-2.0.6.jar;C:\Users\Administrator\.m2\repository\org\apache\maven\maven-profile\2.0.6\maven-profile-2.0.6.jar;C:\Users\Administrator\.m2\repository\org\apache\maven\maven-plugin-registry\2.0.6\maven-plugin-registry-2.0.6.jar;C:\Users\Administrator\.m2\repository\org\apache\maven\reporting\maven-reporting-api\2.0.6\maven-reporting-api-2.0.6.jar;C:\Users\Administrator\.m2\repository\org\apache\maven\doxia\doxia-sink-api\1.0\doxia-sink-api-1.0.jar;C:\Users\Administrator\.m2\repository\org\apache\maven\doxia\doxia-module-xhtml\1.0\doxia-module-xhtml-1.0.jar;C:\Users\Administrator\.m2\repository\org\apache\maven\doxia\doxia-core\1.0\doxia-core-1.0.jar;C:\Users\Administrator\.m2\repository\org\apache\maven\doxia\doxia-decoration-model\1.0\doxia-decoration-model-1.0.jar;C:\Users\Administrator\.m2\repository\org\apache\maven\doxia\doxia-site-renderer\1.0\doxia-site-renderer-1.0.jar;C:\Users\Administrator\.m2\repository\org\codehaus\plexus\plexus-i18n\1.0-beta-7\plexus-i18n-1.0-beta-7.jar;C:\Users\Administrator\.m2\repository\org\codehaus\plexus\plexus-velocity\1.1.7\plexus-velocity-1.1.7.jar;C:\Users\Administrator\.m2\repository\org\apache\velocity\velocity\1.5\velocity-1.5.jar;C:\Users\Administrator\.m2\repository\commons-collections\commons-collections\3.2.1\commons-collections-3.2.1.jar;C:\Users\Administrator\.m2\repository\commons-lang\commons-lang\2.4\commons-lang-2.4.jar;C:\Users\Administrator\.m2\repository\oro\oro\2.0.8\oro-2.0.8.jar;C:\Users\Administrator\.m2\repository\org\apache\maven\doxia\doxia-module-apt\1.0\doxia-module-apt-1.0.jar;C:\Users\Administrator\.m2\repository\org\apache\maven\doxia\doxia-module-fml\1.0\doxia-module-fml-1.0.jar;C:\Users\Administrator\.m2\repository\org\apache\maven\doxia\doxia-module-xdoc\1.0\doxia-module-xdoc-1.0.jar;C:\Users\Administrator\.m2\repository\org\apache\maven\shared\maven-doxia-tools\1.0.2\maven-doxia-tools-1.0.2.jar;C:\Users\Administrator\.m2\repository\commons-io\commons-io\1.4\commons-io-1.4.jar;C:\Users\Administrator\.m2\repository\org\codehaus\plexus\plexus-archiver\1.0-alpha-7\plexus-archiver-1.0-alpha-7.jar;C:\Users\Administrator\.m2\repository\org\mortbay\jetty\jetty\6.1.5\jetty-6.1.5.jar;C:\Users\Administrator\.m2\repository\org\mortbay\jetty\jetty-util\6.1.5\jetty-util-6.1.5.jar;C:\Users\Administrator\.m2\repository\org\mortbay\jetty\servlet-api-2.5\6.1.5\servlet-api-2.5-6.1.5.jar;C:\Users\Administrator\.m2\repository\org\springframework\org.springframework.core\3.0.1.RELEASE-A\org.springframework.core-3.0.1.RELEASE-A.jar;C:\Users\Administrator\.m2\repository\org\springframework\org.springframework.expression\3.0.1.RELEASE-A\org.springframework.expression-3.0.1.RELEASE-A.jar;C:\Users\Administrator\.m2\repository\org\springframework\org.springframework.beans\3.0.1.RELEASE-A\org.springframework.beans-3.0.1.RELEASE-A.jar;C:\Users\Administrator\.m2\repository\org\springframework\org.springframework.asm\3.0.1.RELEASE-A\org.springframework.asm-3.0.1.RELEASE-A.jar;C:\Users\Administrator\.m2\repository\org\springframework\org.springframework.aop\3.0.1.RELEASE-A\org.springframework.aop-3.0.1.RELEASE-A.jar;C:\Users\Administrator\.m2\repository\org\aopalliance\com.springsource.org.aopalliance\1.0.0\com.springsource.org.aopalliance-1.0.0.jar;C:\Users\Administrator\.m2\repository\org\springframework\org.springframework.context\3.0.1.RELEASE-A\org.springframework.context-3.0.1.RELEASE-A.jar;C:\Users\Administrator\.m2\repository\org\springframework\org.springframework.context.support\3.0.1.RELEASE-A\org.springframework.context.support-3.0.1.RELEASE-A.jar;C:\Users\Administrator\.m2\repository\org\springframework\org.springframework.transaction\3.0.1.RELEASE-A\org.springframework.transaction-3.0.1.RELEASE-A.jar;C:\Users\Administrator\.m2\repository\org\springframework\org.springframework.orm\3.0.1.RELEASE-A\org.springframework.orm-3.0.1.RELEASE-A.jar;C:\Users\Administrator\.m2\repository\org\springframework\org.springframework.jdbc\3.0.1.RELEASE-A\org.springframework.jdbc-3.0.1.RELEASE-A.jar;C:\Users\Administrator\.m2\repository\org\springframework\org.springframework.oxm\3.0.1.RELEASE-A\org.springframework.oxm-3.0.1.RELEASE-A.jar;C:\Users\Administrator\.m2\repository\org\springframework\org.springframework.web\3.0.1.RELEASE-A\org.springframework.web-3.0.1.RELEASE-A.jar;C:\Users\Administrator\.m2\repository\org\springframework\org.springframework.web.servlet\3.0.1.RELEASE-A\org.springframework.web.servlet-3.0.1.RELEASE-A.jar;C:\Users\Administrator\.m2\repository\org\springframework\org.springframework.test\3.0.1.RELEASE-A\org.springframework.test-3.0.1.RELEASE-A.jar;C:\Users\Administrator\.m2\repository\org\springframework\org.springframework.aspects\3.0.1.RELEASE-A\org.springframework.aspects-3.0.1.RELEASE-A.jar;C:\Users\Administrator\.m2\repository\org\aspectj\com.springsource.org.aspectj.runtime\1.6.5.RELEASE\com.springsource.org.aspectj.runtime-1.6.5.RELEASE.jar;C:\Users\Administrator\.m2\repository\org\aspectj\com.springsource.org.aspectj.weaver\1.6.5.RELEASE\com.springsource.org.aspectj.weaver-1.6.5.RELEASE.jar;C:\Users\Administrator\.m2\repository\cglib\cglib-nodep\2.2\cglib-nodep-2.2.jar;C:\Users\Administrator\.m2\repository\mysql\mysql-connector-java\5.1.10\mysql-connector-java-5.1.10.jar;C:\Users\Administrator\.m2\repository\commons-dbcp\commons-dbcp\1.2.2\commons-dbcp-1.2.2.jar;C:\Users\Administrator\.m2\repository\commons-pool\commons-pool\1.3\commons-pool-1.3.jar;C:\Users\Administrator\.m2\repository\joda-time\joda-time\1.6\joda-time-1.6.jar;C:\Users\Administrator\.m2\repository\org\apache\ibatis\ibatis-sqlmap\2.3.4.726\ibatis-sqlmap-2.3.4.726.jar;C:\Users\Administrator\.m2\repository\net\sf\ehcache\ehcache-core\2.0.1\ehcache-core-2.0.1.jar;C:\Users\Administrator\.m2\repository\org\slf4j\slf4j-api\1.6.1\slf4j-api-1.6.1.jar;C:\Users\Administrator\.m2\repository\log4j\log4j\1.2.14\log4j-1.2.14.jar;C:\Users\Administrator\.m2\repository\org\jdom\jdom\1.1\jdom-1.1.jar;C:\Users\Administrator\.m2\repository\net\java\dev\springmodules\com.springsource.org.springmodules.validation.validator\0.9.0\com.springsource.org.springmodules.validation.validator-0.9.0.jar;C:\Users\Administrator\.m2\repository\org\antlr\com.springsource.antlr\2.7.6\com.springsource.antlr-2.7.6.jar;C:\Users\Administrator\.m2\repository\org\apache\commons\com.springsource.org.apache.commons.validator\1.3.1\com.springsource.org.apache.commons.validator-1.3.1.jar;C:\Users\Administrator\.m2\repository\org\apache\commons\com.springsource.org.apache.commons.beanutils\1.7.0\com.springsource.org.apache.commons.beanutils-1.7.0.jar;C:\Users\Administrator\.m2\repository\org\apache\commons\com.springsource.org.apache.commons.collections\3.2.0\com.springsource.org.apache.commons.collections-3.2.0.jar;C:\Users\Administrator\.m2\repository\org\apache\commons\com.springsource.org.apache.commons.logging\1.0.4\com.springsource.org.apache.commons.logging-1.0.4.jar;C:\Users\Administrator\.m2\repository\org\apache\commons\com.springsource.org.apache.commons.digester\1.6.0\com.springsource.org.apache.commons.digester-1.6.0.jar;C:\Users\Administrator\.m2\repository\org\apache\oro\com.springsource.org.apache.oro\2.0.8\com.springsource.org.apache.oro-2.0.8.jar;C:\Users\Administrator\.m2\repository\org\apache\commons\com.springsource.org.apache.commons.lang\2.2.0\com.springsource.org.apache.commons.lang-2.2.0.jar;C:\Users\Administrator\.m2\repository\org\ognl\com.springsource.org.ognl\2.7.3\com.springsource.org.ognl-2.7.3.jar;C:\Users\Administrator\.m2\repository\org\jboss\javassist\com.springsource.javassist\3.3.0.ga\com.springsource.javassist-3.3.0.ga.jar;C:\Users\Administrator\.m2\repository\org\hibernate\com.springsource.org.hibernate.validator\3.1.0.GA\com.springsource.org.hibernate.validator-3.1.0.GA.jar;C:\Users\Administrator\.m2\repository\javax\persistence\com.springsource.javax.persistence\1.0.0\com.springsource.javax.persistence-1.0.0.jar;C:\Users\Administrator\.m2\repository\org\hibernate\com.springsource.org.hibernate\3.3.1.GA\com.springsource.org.hibernate-3.3.1.GA.jar;C:\Users\Administrator\.m2\repository\org\jgroups\com.springsource.org.jgroups\2.2.8\com.springsource.org.jgroups-2.2.8.jar;C:\Users\Administrator\.m2\repository\edu\oswego\cs\concurrent\com.springsource.edu.oswego.cs.dl.util.concurrent\1.3.4\com.springsource.edu.oswego.cs.dl.util.concurrent-1.3.4.jar;C:\Users\Administrator\.m2\repository\org\apache\log4j\com.springsource.org.apache.log4j\1.2.15\com.springsource.org.apache.log4j-1.2.15.jar;C:\Users\Administrator\.m2\repository\net\sourceforge\cglib\com.springsource.net.sf.cglib\2.1.3\com.springsource.net.sf.cglib-2.1.3.jar;C:\Users\Administrator\.m2\repository\org\dom4j\com.springsource.org.dom4j\1.6.1\com.springsource.org.dom4j-1.6.1.jar;C:\Users\Administrator\.m2\repository\org\objectweb\asm\com.springsource.org.objectweb.asm\1.5.3\com.springsource.org.objectweb.asm-1.5.3.jar;C:\Users\Administrator\.m2\repository\org\objectweb\asm\com.springsource.org.objectweb.asm.attrs\1.5.3\com.springsource.org.objectweb.asm.attrs-1.5.3.jar;C:\Users\Administrator\.m2\repository\org\slf4j\com.springsource.slf4j.api\1.5.6\com.springsource.slf4j.api-1.5.6.jar;C:\Users\Administrator\.m2\repository\org\hibernate\com.springsource.org.hibernate.annotations.common\3.3.0.ga\com.springsource.org.hibernate.annotations.common-3.3.0.ga.jar;C:\Users\Administrator\.m2\repository\org\joda\com.springsource.org.joda.time\1.5.2\com.springsource.org.joda.time-1.5.2.jar;C:\Users\Administrator\.m2\repository\net\sf\json-lib\json-lib\2.3\json-lib-2.3-jdk15.jar;C:\Users\Administrator\.m2\repository\commons-beanutils\commons-beanutils\1.8.0\commons-beanutils-1.8.0.jar;C:\Users\Administrator\.m2\repository\commons-logging\commons-logging\1.1.1\commons-logging-1.1.1.jar;C:\Users\Administrator\.m2\repository\net\sf\ezmorph\ezmorph\1.0.6\ezmorph-1.0.6.jar;C:\Users\Administrator\.m2\repository\xom\xom\1.1\xom-1.1.jar;C:\Users\Administrator\.m2\repository\xerces\xmlParserAPIs\2.6.2\xmlParserAPIs-2.6.2.jar;C:\Users\Administrator\.m2\repository\xerces\xercesImpl\2.6.2\xercesImpl-2.6.2.jar;C:\Users\Administrator\.m2\repository\xalan\xalan\2.7.0\xalan-2.7.0.jar;C:\Users\Administrator\.m2\repository\xml-apis\xml-apis\1.0.b2\xml-apis-1.0.b2.jar;C:\Users\Administrator\.m2\repository\jaxen\jaxen\1.1-beta-8\jaxen-1.1-beta-8.jar;C:\Users\Administrator\.m2\repository\dom4j\dom4j\1.6.1\dom4j-1.6.1.jar;C:\Users\Administrator\.m2\repository\jdom\jdom\1.0\jdom-1.0.jar;C:\Users\Administrator\.m2\repository\com\sun\xml\bind\jaxb-impl\2.1.12\jaxb-impl-2.1.12.jar;C:\Users\Administrator\.m2\repository\javax\xml\bind\jaxb-api\2.1\jaxb-api-2.1.jar;C:\Users\Administrator\.m2\repository\javax\xml\stream\stax-api\1.0-2\stax-api-1.0-2.jar;C:\Users\Administrator\.m2\repository\javax\activation\activation\1.1\activation-1.1.jar;C:\Users\Administrator\.m2\repository\commons-configuration\commons-configuration\1.6\commons-configuration-1.6.jar;C:\Users\Administrator\.m2\repository\commons-digester\commons-digester\1.8\commons-digester-1.8.jar;C:\Users\Administrator\.m2\repository\commons-beanutils\commons-beanutils-core\1.8.0\commons-beanutils-core-1.8.0.jar;C:\Users\Administrator\.m2\repository\javax\jms\jms\1.1\jms-1.1.jar;C:\Users\Administrator\.m2\repository\javax\transaction\jta\1.1\jta-1.1.jar;C:\Users\Administrator\.m2\repository\org\slf4j\slf4j-nop\1.6.1\slf4j-nop-1.6.1.jar;"/>
    <property name="java.specification.name" value="Java Platform API Specification"/>
    <property name="java.class.version" value="50.0"/>
    <property name="sun.management.compiler" value="HotSpot Client Compiler"/>
    <property name="os.version" value="6.1"/>
    <property name="user.home" value="C:\Users\Administrator"/>
    <property name="user.timezone" value=""/>
    <property name="java.awt.printerjob" value="sun.awt.windows.WPrinterJob"/>
    <property name="java.specification.version" value="1.6"/>
    <property name="file.encoding" value="MS949"/>
    <property name="user.name" value="Administrator"/>
    <property name="java.class.path" value="D:\springsource_work\com.song7749.mds.member\target\test-classes;D:\springsource_work\com.song7749.mds.member\target\classes;C:\Users\Administrator\.m2\repository\junit\junit\4.7\junit-4.7.jar;C:\Users\Administrator\.m2\repository\com\song7749\com.song7749.core\1.0-SNAPSHOT\com.song7749.core-1.0-SNAPSHOT.jar;C:\Users\Administrator\.m2\repository\org\apache\maven\plugins\maven-site-plugin\2.0.1\maven-site-plugin-2.0.1.jar;C:\Users\Administrator\.m2\repository\org\apache\maven\maven-artifact\2.0.6\maven-artifact-2.0.6.jar;C:\Users\Administrator\.m2\repository\org\codehaus\plexus\plexus-utils\1.5.1\plexus-utils-1.5.1.jar;C:\Users\Administrator\.m2\repository\org\apache\maven\maven-artifact-manager\2.0.6\maven-artifact-manager-2.0.6.jar;C:\Users\Administrator\.m2\repository\org\apache\maven\maven-repository-metadata\2.0.6\maven-repository-metadata-2.0.6.jar;C:\Users\Administrator\.m2\repository\org\codehaus\plexus\plexus-container-default\1.0-alpha-9\plexus-container-default-1.0-alpha-9.jar;C:\Users\Administrator\.m2\repository\classworlds\classworlds\1.1-alpha-2\classworlds-1.1-alpha-2.jar;C:\Users\Administrator\.m2\repository\org\apache\maven\wagon\wagon-provider-api\1.0-beta-4\wagon-provider-api-1.0-beta-4.jar;C:\Users\Administrator\.m2\repository\org\apache\maven\maven-model\2.0.6\maven-model-2.0.6.jar;C:\Users\Administrator\.m2\repository\org\apache\maven\maven-plugin-api\2.0.6\maven-plugin-api-2.0.6.jar;C:\Users\Administrator\.m2\repository\org\apache\maven\maven-project\2.0.6\maven-project-2.0.6.jar;C:\Users\Administrator\.m2\repository\org\apache\maven\maven-settings\2.0.6\maven-settings-2.0.6.jar;C:\Users\Administrator\.m2\repository\org\apache\maven\maven-profile\2.0.6\maven-profile-2.0.6.jar;C:\Users\Administrator\.m2\repository\org\apache\maven\maven-plugin-registry\2.0.6\maven-plugin-registry-2.0.6.jar;C:\Users\Administrator\.m2\repository\org\apache\maven\reporting\maven-reporting-api\2.0.6\maven-reporting-api-2.0.6.jar;C:\Users\Administrator\.m2\repository\org\apache\maven\doxia\doxia-sink-api\1.0\doxia-sink-api-1.0.jar;C:\Users\Administrator\.m2\repository\org\apache\maven\doxia\doxia-module-xhtml\1.0\doxia-module-xhtml-1.0.jar;C:\Users\Administrator\.m2\repository\org\apache\maven\doxia\doxia-core\1.0\doxia-core-1.0.jar;C:\Users\Administrator\.m2\repository\org\apache\maven\doxia\doxia-decoration-model\1.0\doxia-decoration-model-1.0.jar;C:\Users\Administrator\.m2\repository\org\apache\maven\doxia\doxia-site-renderer\1.0\doxia-site-renderer-1.0.jar;C:\Users\Administrator\.m2\repository\org\codehaus\plexus\plexus-i18n\1.0-beta-7\plexus-i18n-1.0-beta-7.jar;C:\Users\Administrator\.m2\repository\org\codehaus\plexus\plexus-velocity\1.1.7\plexus-velocity-1.1.7.jar;C:\Users\Administrator\.m2\repository\org\apache\velocity\velocity\1.5\velocity-1.5.jar;C:\Users\Administrator\.m2\repository\commons-collections\commons-collections\3.2.1\commons-collections-3.2.1.jar;C:\Users\Administrator\.m2\repository\commons-lang\commons-lang\2.4\commons-lang-2.4.jar;C:\Users\Administrator\.m2\repository\oro\oro\2.0.8\oro-2.0.8.jar;C:\Users\Administrator\.m2\repository\org\apache\maven\doxia\doxia-module-apt\1.0\doxia-module-apt-1.0.jar;C:\Users\Administrator\.m2\repository\org\apache\maven\doxia\doxia-module-fml\1.0\doxia-module-fml-1.0.jar;C:\Users\Administrator\.m2\repository\org\apache\maven\doxia\doxia-module-xdoc\1.0\doxia-module-xdoc-1.0.jar;C:\Users\Administrator\.m2\repository\org\apache\maven\shared\maven-doxia-tools\1.0.2\maven-doxia-tools-1.0.2.jar;C:\Users\Administrator\.m2\repository\commons-io\commons-io\1.4\commons-io-1.4.jar;C:\Users\Administrator\.m2\repository\org\codehaus\plexus\plexus-archiver\1.0-alpha-7\plexus-archiver-1.0-alpha-7.jar;C:\Users\Administrator\.m2\repository\org\mortbay\jetty\jetty\6.1.5\jetty-6.1.5.jar;C:\Users\Administrator\.m2\repository\org\mortbay\jetty\jetty-util\6.1.5\jetty-util-6.1.5.jar;C:\Users\Administrator\.m2\repository\org\mortbay\jetty\servlet-api-2.5\6.1.5\servlet-api-2.5-6.1.5.jar;C:\Users\Administrator\.m2\repository\org\springframework\org.springframework.core\3.0.1.RELEASE-A\org.springframework.core-3.0.1.RELEASE-A.jar;C:\Users\Administrator\.m2\repository\org\springframework\org.springframework.expression\3.0.1.RELEASE-A\org.springframework.expression-3.0.1.RELEASE-A.jar;C:\Users\Administrator\.m2\repository\org\springframework\org.springframework.beans\3.0.1.RELEASE-A\org.springframework.beans-3.0.1.RELEASE-A.jar;C:\Users\Administrator\.m2\repository\org\springframework\org.springframework.asm\3.0.1.RELEASE-A\org.springframework.asm-3.0.1.RELEASE-A.jar;C:\Users\Administrator\.m2\repository\org\springframework\org.springframework.aop\3.0.1.RELEASE-A\org.springframework.aop-3.0.1.RELEASE-A.jar;C:\Users\Administrator\.m2\repository\org\aopalliance\com.springsource.org.aopalliance\1.0.0\com.springsource.org.aopalliance-1.0.0.jar;C:\Users\Administrator\.m2\repository\org\springframework\org.springframework.context\3.0.1.RELEASE-A\org.springframework.context-3.0.1.RELEASE-A.jar;C:\Users\Administrator\.m2\repository\org\springframework\org.springframework.context.support\3.0.1.RELEASE-A\org.springframework.context.support-3.0.1.RELEASE-A.jar;C:\Users\Administrator\.m2\repository\org\springframework\org.springframework.transaction\3.0.1.RELEASE-A\org.springframework.transaction-3.0.1.RELEASE-A.jar;C:\Users\Administrator\.m2\repository\org\springframework\org.springframework.orm\3.0.1.RELEASE-A\org.springframework.orm-3.0.1.RELEASE-A.jar;C:\Users\Administrator\.m2\repository\org\springframework\org.springframework.jdbc\3.0.1.RELEASE-A\org.springframework.jdbc-3.0.1.RELEASE-A.jar;C:\Users\Administrator\.m2\repository\org\springframework\org.springframework.oxm\3.0.1.RELEASE-A\org.springframework.oxm-3.0.1.RELEASE-A.jar;C:\Users\Administrator\.m2\repository\org\springframework\org.springframework.web\3.0.1.RELEASE-A\org.springframework.web-3.0.1.RELEASE-A.jar;C:\Users\Administrator\.m2\repository\org\springframework\org.springframework.web.servlet\3.0.1.RELEASE-A\org.springframework.web.servlet-3.0.1.RELEASE-A.jar;C:\Users\Administrator\.m2\repository\org\springframework\org.springframework.test\3.0.1.RELEASE-A\org.springframework.test-3.0.1.RELEASE-A.jar;C:\Users\Administrator\.m2\repository\org\springframework\org.springframework.aspects\3.0.1.RELEASE-A\org.springframework.aspects-3.0.1.RELEASE-A.jar;C:\Users\Administrator\.m2\repository\org\aspectj\com.springsource.org.aspectj.runtime\1.6.5.RELEASE\com.springsource.org.aspectj.runtime-1.6.5.RELEASE.jar;C:\Users\Administrator\.m2\repository\org\aspectj\com.springsource.org.aspectj.weaver\1.6.5.RELEASE\com.springsource.org.aspectj.weaver-1.6.5.RELEASE.jar;C:\Users\Administrator\.m2\repository\cglib\cglib-nodep\2.2\cglib-nodep-2.2.jar;C:\Users\Administrator\.m2\repository\mysql\mysql-connector-java\5.1.10\mysql-connector-java-5.1.10.jar;C:\Users\Administrator\.m2\repository\commons-dbcp\commons-dbcp\1.2.2\commons-dbcp-1.2.2.jar;C:\Users\Administrator\.m2\repository\commons-pool\commons-pool\1.3\commons-pool-1.3.jar;C:\Users\Administrator\.m2\repository\joda-time\joda-time\1.6\joda-time-1.6.jar;C:\Users\Administrator\.m2\repository\org\apache\ibatis\ibatis-sqlmap\2.3.4.726\ibatis-sqlmap-2.3.4.726.jar;C:\Users\Administrator\.m2\repository\net\sf\ehcache\ehcache-core\2.0.1\ehcache-core-2.0.1.jar;C:\Users\Administrator\.m2\repository\org\slf4j\slf4j-api\1.6.1\slf4j-api-1.6.1.jar;C:\Users\Administrator\.m2\repository\log4j\log4j\1.2.14\log4j-1.2.14.jar;C:\Users\Administrator\.m2\repository\org\jdom\jdom\1.1\jdom-1.1.jar;C:\Users\Administrator\.m2\repository\net\java\dev\springmodules\com.springsource.org.springmodules.validation.validator\0.9.0\com.springsource.org.springmodules.validation.validator-0.9.0.jar;C:\Users\Administrator\.m2\repository\org\antlr\com.springsource.antlr\2.7.6\com.springsource.antlr-2.7.6.jar;C:\Users\Administrator\.m2\repository\org\apache\commons\com.springsource.org.apache.commons.validator\1.3.1\com.springsource.org.apache.commons.validator-1.3.1.jar;C:\Users\Administrator\.m2\repository\org\apache\commons\com.springsource.org.apache.commons.beanutils\1.7.0\com.springsource.org.apache.commons.beanutils-1.7.0.jar;C:\Users\Administrator\.m2\repository\org\apache\commons\com.springsource.org.apache.commons.collections\3.2.0\com.springsource.org.apache.commons.collections-3.2.0.jar;C:\Users\Administrator\.m2\repository\org\apache\commons\com.springsource.org.apache.commons.logging\1.0.4\com.springsource.org.apache.commons.logging-1.0.4.jar;C:\Users\Administrator\.m2\repository\org\apache\commons\com.springsource.org.apache.commons.digester\1.6.0\com.springsource.org.apache.commons.digester-1.6.0.jar;C:\Users\Administrator\.m2\repository\org\apache\oro\com.springsource.org.apache.oro\2.0.8\com.springsource.org.apache.oro-2.0.8.jar;C:\Users\Administrator\.m2\repository\org\apache\commons\com.springsource.org.apache.commons.lang\2.2.0\com.springsource.org.apache.commons.lang-2.2.0.jar;C:\Users\Administrator\.m2\repository\org\ognl\com.springsource.org.ognl\2.7.3\com.springsource.org.ognl-2.7.3.jar;C:\Users\Administrator\.m2\repository\org\jboss\javassist\com.springsource.javassist\3.3.0.ga\com.springsource.javassist-3.3.0.ga.jar;C:\Users\Administrator\.m2\repository\org\hibernate\com.springsource.org.hibernate.validator\3.1.0.GA\com.springsource.org.hibernate.validator-3.1.0.GA.jar;C:\Users\Administrator\.m2\repository\javax\persistence\com.springsource.javax.persistence\1.0.0\com.springsource.javax.persistence-1.0.0.jar;C:\Users\Administrator\.m2\repository\org\hibernate\com.springsource.org.hibernate\3.3.1.GA\com.springsource.org.hibernate-3.3.1.GA.jar;C:\Users\Administrator\.m2\repository\org\jgroups\com.springsource.org.jgroups\2.2.8\com.springsource.org.jgroups-2.2.8.jar;C:\Users\Administrator\.m2\repository\edu\oswego\cs\concurrent\com.springsource.edu.oswego.cs.dl.util.concurrent\1.3.4\com.springsource.edu.oswego.cs.dl.util.concurrent-1.3.4.jar;C:\Users\Administrator\.m2\repository\org\apache\log4j\com.springsource.org.apache.log4j\1.2.15\com.springsource.org.apache.log4j-1.2.15.jar;C:\Users\Administrator\.m2\repository\net\sourceforge\cglib\com.springsource.net.sf.cglib\2.1.3\com.springsource.net.sf.cglib-2.1.3.jar;C:\Users\Administrator\.m2\repository\org\dom4j\com.springsource.org.dom4j\1.6.1\com.springsource.org.dom4j-1.6.1.jar;C:\Users\Administrator\.m2\repository\org\objectweb\asm\com.springsource.org.objectweb.asm\1.5.3\com.springsource.org.objectweb.asm-1.5.3.jar;C:\Users\Administrator\.m2\repository\org\objectweb\asm\com.springsource.org.objectweb.asm.attrs\1.5.3\com.springsource.org.objectweb.asm.attrs-1.5.3.jar;C:\Users\Administrator\.m2\repository\org\slf4j\com.springsource.slf4j.api\1.5.6\com.springsource.slf4j.api-1.5.6.jar;C:\Users\Administrator\.m2\repository\org\hibernate\com.springsource.org.hibernate.annotations.common\3.3.0.ga\com.springsource.org.hibernate.annotations.common-3.3.0.ga.jar;C:\Users\Administrator\.m2\repository\org\joda\com.springsource.org.joda.time\1.5.2\com.springsource.org.joda.time-1.5.2.jar;C:\Users\Administrator\.m2\repository\net\sf\json-lib\json-lib\2.3\json-lib-2.3-jdk15.jar;C:\Users\Administrator\.m2\repository\commons-beanutils\commons-beanutils\1.8.0\commons-beanutils-1.8.0.jar;C:\Users\Administrator\.m2\repository\commons-logging\commons-logging\1.1.1\commons-logging-1.1.1.jar;C:\Users\Administrator\.m2\repository\net\sf\ezmorph\ezmorph\1.0.6\ezmorph-1.0.6.jar;C:\Users\Administrator\.m2\repository\xom\xom\1.1\xom-1.1.jar;C:\Users\Administrator\.m2\repository\xerces\xmlParserAPIs\2.6.2\xmlParserAPIs-2.6.2.jar;C:\Users\Administrator\.m2\repository\xerces\xercesImpl\2.6.2\xercesImpl-2.6.2.jar;C:\Users\Administrator\.m2\repository\xalan\xalan\2.7.0\xalan-2.7.0.jar;C:\Users\Administrator\.m2\repository\xml-apis\xml-apis\1.0.b2\xml-apis-1.0.b2.jar;C:\Users\Administrator\.m2\repository\jaxen\jaxen\1.1-beta-8\jaxen-1.1-beta-8.jar;C:\Users\Administrator\.m2\repository\dom4j\dom4j\1.6.1\dom4j-1.6.1.jar;C:\Users\Administrator\.m2\repository\jdom\jdom\1.0\jdom-1.0.jar;C:\Users\Administrator\.m2\repository\com\sun\xml\bind\jaxb-impl\2.1.12\jaxb-impl-2.1.12.jar;C:\Users\Administrator\.m2\repository\javax\xml\bind\jaxb-api\2.1\jaxb-api-2.1.jar;C:\Users\Administrator\.m2\repository\javax\xml\stream\stax-api\1.0-2\stax-api-1.0-2.jar;C:\Users\Administrator\.m2\repository\javax\activation\activation\1.1\activation-1.1.jar;C:\Users\Administrator\.m2\repository\commons-configuration\commons-configuration\1.6\commons-configuration-1.6.jar;C:\Users\Administrator\.m2\repository\commons-digester\commons-digester\1.8\commons-digester-1.8.jar;C:\Users\Administrator\.m2\repository\commons-beanutils\commons-beanutils-core\1.8.0\commons-beanutils-core-1.8.0.jar;C:\Users\Administrator\.m2\repository\javax\jms\jms\1.1\jms-1.1.jar;C:\Users\Administrator\.m2\repository\javax\transaction\jta\1.1\jta-1.1.jar;C:\Users\Administrator\.m2\repository\org\slf4j\slf4j-nop\1.6.1\slf4j-nop-1.6.1.jar;"/>
    <property name="java.vm.specification.version" value="1.0"/>
    <property name="sun.arch.data.model" value="32"/>
    <property name="java.home" value="C:\Program Files\Java\jdk1.6.0_26\jre"/>
    <property name="sun.java.command" value="C:\Users\ADMINI~1\AppData\Local\Temp\surefirebooter5241931703199300144.jar C:\Users\ADMINI~1\AppData\Local\Temp\surefire7534102301513145059tmp C:\Users\ADMINI~1\AppData\Local\Temp\surefire3093236009592241767tmp"/>
    <property name="java.specification.vendor" value="Sun Microsystems Inc."/>
    <property name="user.language" value="ko"/>
    <property name="awt.toolkit" value="sun.awt.windows.WToolkit"/>
    <property name="java.vm.info" value="mixed mode, sharing"/>
    <property name="java.version" value="1.6.0_26"/>
    <property name="java.ext.dirs" value="C:\Program Files\Java\jdk1.6.0_26\jre\lib\ext;C:\Windows\Sun\Java\lib\ext"/>
    <property name="sun.boot.class.path" value="C:\Program Files\Java\jdk1.6.0_26\jre\lib\resources.jar;C:\Program Files\Java\jdk1.6.0_26\jre\lib\rt.jar;C:\Program Files\Java\jdk1.6.0_26\jre\lib\sunrsasign.jar;C:\Program Files\Java\jdk1.6.0_26\jre\lib\jsse.jar;C:\Program Files\Java\jdk1.6.0_26\jre\lib\jce.jar;C:\Program Files\Java\jdk1.6.0_26\jre\lib\charsets.jar;C:\Program Files\Java\jdk1.6.0_26\jre\lib\modules\jdk.boot.jar;C:\Program Files\Java\jdk1.6.0_26\jre\classes"/>
    <property name="java.vendor" value="Sun Microsystems Inc."/>
    <property name="localRepository" value="C:\Users\Administrator\.m2\repository"/>
    <property name="file.separator" value="\"/>
    <property name="java.vendor.url.bug" value="http://java.sun.com/cgi-bin/bugreport.cgi"/>
    <property name="sun.cpu.endian" value="little"/>
    <property name="sun.io.unicode.encoding" value="UnicodeLittle"/>
    <property name="sun.desktop" value="windows"/>
    <property name="sun.cpu.isalist" value="pentium_pro+mmx pentium_pro pentium+mmx pentium i486 i386 i86"/>
  </properties>
  <testcase time="0.004" classname="com.song7749.mds.member.AppTest" name="testApp"/>
</testsuite>